<?xml version="1.0" encoding="UTF-8"?>
<!-- Generated by org.testng.reporters.JUnitReportReporter -->
<testsuite name="WaitsEg.WaitsExamples" tests="1" time="9.284" ignored="0" failures="0" timestamp="14 Jun 2021 06:05:24 GMT" skipped="0" hostname="Neha-PC" errors="0">
  <testcase name="explicitwaitEg2" time="9.284" classname="WaitsEg.WaitsExamples"/>
</testsuite> <!-- WaitsEg.WaitsExamples -->
